<?xml version="1.0" encoding="UTF-8"?>
<beans xmlns="http://www.springframework.org/schema/beans"
       xmlns:xsi="http://www.w3.org/2001/XMLSchema-instance"
       xsi:schemaLocation="http://www.springframework.org/schema/beans http://www.springframework.org/schema/beans/spring-beans.xsd">
    <bean id="dataSource"
          class="org.springframework.jdbc.datasource.SimpleDriverDataSource">
        <property name="driverClass" value="com.mysql.cj.jdbc.Driver" />
        <property name="url" value="jdbc:mysql://localhost:3306/testdb" />
        <property name="username" value="root" />
        <property name="password" value="malawidoc01" />
    </bean>

    <bean id="userService" class="com.example.spring_start.user.service.UserService">
        <property name="userDao" ref="userDao" />
    </bean>

    <bean id="userDao" class="com.example.spring_start.user.dao.UserDaoJdbc" >
        <property name="dataSource" ref="dataSource" />
    </bean>


</beans>