<?xml version="1.0" encoding="UTF-8"?>
<beans xmlns="http://www.springframework.org/schema/beans"
       xmlns:xsi="http://www.w3.org/2001/XMLSchema-instance" xmlns:aop="http://www.springframework.org/schema/aop"
       xmlns:tx="http://www.springframework.org/schema/tx"
       xsi:schemaLocation="http://www.springframework.org/schema/beans http://www.springframework.org/schema/beans/spring-beans.xsd http://www.springframework.org/schema/aop https://www.springframework.org/schema/aop/spring-aop.xsd http://www.springframework.org/schema/tx http://www.springframework.org/schema/tx/spring-tx.xsd">
    <bean id="dataSource"
          class="org.springframework.jdbc.datasource.SimpleDriverDataSource">
        <property name="driverClass" value="com.mysql.cj.jdbc.Driver"/>
        <property name="url" value="jdbc:mysql://localhost:3306/testdb"/>
        <property name="username" value="root"/>
        <property name="password" value="test1234"/>
    </bean>

    <bean id="transactionPointcut" class="org.springframework.aop.support.NameMatchMethodPointcut">
        <property name="mappedName" value="upgrade*"/>
    </bean>

    <bean id="transactionAdvisor" class="org.springframework.aop.support.DefaultPointcutAdvisor">
        <property name="advice" ref="transactionAdvice"/>
        <property name="pointcut" ref="transactionPointcut"/>
    </bean>

    <!-- Service로 끝나는 모든 빈에 transactionAdvice의 모든 부가기능 적용  -->
    <aop:config>
        <aop:advisor advice-ref="transactionAdvice" pointcut="bean(*Service)"/>
    </aop:config>

    <tx:advice id="transactionAdvice">
        <tx:attributes>
            <tx:method name="get*" read-only="true"/>
            <tx:method name="*"/>
        </tx:attributes>
    </tx:advice>

    <bean id="transactionManager"
          class="org.springframework.jdbc.datasource.DataSourceTransactionManager">
        <property name="dataSource" ref="dataSource"/>
    </bean>

    <bean id="mailSender" class="com.example.spring_start.user.service.DummyMailSender"/>

    <bean id="userService" class="org.springframework.aop.framework.ProxyFactoryBean">
        <property name="target" ref="userServiceImpl"/>
        <property name="interceptorNames">
            <list>
                <value>transactionAdvisor</value>
            </list>
        </property>

    </bean>

    <bean id="userServiceImpl" class="com.example.spring_start.user.service.UserServiceImpl">
        <property name="userDao" ref="userDao"/>
        <property name="mailSender" ref="mailSender"/>
    </bean>

    <bean id="userDao" class="com.example.spring_start.user.dao.UserDaoJdbc">
        <property name="dataSource" ref="dataSource"/>
    </bean>


</beans>